<?xml version="1.0" encoding="UTF-8"?>
<!-- Generated by org.testng.reporters.JUnitXMLReporter -->
<testsuite hostname="Arams-MBP-2" tests="3" failures="1" timestamp="4 Feb 2018 23:30:42 GMT" time="65.577" errors="0">
  <testcase name="testOne" time="26.147" classname="test1"/>
  <testcase name="testTwo" time="7.789" classname="test2"/>
  <testcase name="testThree" time="4.411" classname="test3">
    <failure type="java.lang.Exception" message="Unable to get the colour from the selected Order using the index of the product">
      <![CDATA[java.lang.Exception: Unable to get the colour from the selected Order using the index of the product
	at automation.Pages.ordersHistory.getDressColourfromProductOrders(ordersHistory.java:99)
	at test3.testThree(test3.java:36)
... Removed 23 stack frames]]>
    </failure>
  </testcase> <!-- testThree -->
</testsuite>
